This is pdfTeX, Version 3.141592653-2.6-1.40.27 (TeX Live 2025/nixos.org) (preloaded format=latex 1980.1.1)  22 OCT 2025 07:37
entering extended mode
 restricted \write18 enabled.
 %&-line parsing enabled.
**"src/Quantum Computing.tex"
(./src/Quantum Computing.tex
LaTeX2e <2025-06-01> patch level 1
L3 programming layer <2025-06-09>

(/nix/store/wxvdldb95ih1j5dz2rzs0hkcfx13sn1g-texlive-2025-env-texmfdist/tex/lat
ex/base/report.cls
Document Class: report 2025/01/22 v1.4n Standard LaTeX document class

(/nix/store/wxvdldb95ih1j5dz2rzs0hkcfx13sn1g-texlive-2025-env-texmfdist/tex/lat
ex/base/size12.clo
File: size12.clo 2025/01/22 v1.4n Standard LaTeX file (size option)
)
\c@part=\count275
\c@chapter=\count276
\c@section=\count277
\c@subsection=\count278
\c@subsubsection=\count279
\c@paragraph=\count280
\c@subparagraph=\count281
\c@figure=\count282
\c@table=\count283
\abovecaptionskip=\skip49
\belowcaptionskip=\skip50
\bibindent=\dimen148
)
(/nix/store/wxvdldb95ih1j5dz2rzs0hkcfx13sn1g-texlive-2025-env-texmfdist/tex/lat
ex/xcolor/xcolor.sty
Package: xcolor 2024/09/29 v3.02 LaTeX color extensions (UK)

(/nix/store/wxvdldb95ih1j5dz2rzs0hkcfx13sn1g-texlive-2025-env-texmfdist/tex/lat
ex/graphics-cfg/color.cfg
File: color.cfg 2016/01/02 v1.6 sample color configuration
)
Package xcolor Info: Driver file: dvips.def on input line 274.

(/nix/store/wxvdldb95ih1j5dz2rzs0hkcfx13sn1g-texlive-2025-env-texmfdist/tex/lat
ex/graphics-def/dvips.def
File: dvips.def 2022/09/22 v3.1e Graphics/color driver for dvips
)
(/nix/store/wxvdldb95ih1j5dz2rzs0hkcfx13sn1g-texlive-2025-env-texmfdist/tex/lat
ex/graphics/mathcolor.ltx)
Package xcolor Info: Model `cmy' substituted by `cmy0' on input line 1349.
Package xcolor Info: Model `RGB' extended on input line 1365.
Package xcolor Info: Model `HTML' substituted by `rgb' on input line 1367.
Package xcolor Info: Model `Hsb' substituted by `hsb' on input line 1368.
Package xcolor Info: Model `tHsb' substituted by `hsb' on input line 1369.
Package xcolor Info: Model `HSB' substituted by `hsb' on input line 1370.
Package xcolor Info: Model `Gray' substituted by `gray' on input line 1371.
Package xcolor Info: Model `wave' substituted by `hsb' on input line 1372.
)
(/nix/store/wxvdldb95ih1j5dz2rzs0hkcfx13sn1g-texlive-2025-env-texmfdist/tex/lat
ex/graphics/dvipsnam.def
File: dvipsnam.def 2016/06/17 v3.0m Driver-dependent file (DPC,SPQR)
)

! LaTeX Error: File `../../packages/Nyx/nyx-packages.sty' not found.

Type X to quit or <RETURN> to proceed,
or enter new name. (Default extension: sty)

Enter file name: X
! Interruption.
<to be read again> 
                   }
l.34 \usepackage
                {../../packages/Nyx/nyx-styles}^^M
? X
 
Here is how much of TeX's memory you used:
 924 strings out of 467891
 13538 string characters out of 5410169
 425015 words of memory out of 5000000
 29545 multiletter control sequences out of 15000+600000
 627123 words of font info for 41 fonts, out of 8000000 for 9000
 1141 hyphenation exceptions out of 8191
 48i,0n,71p,164b,36s stack positions out of 10000i,1000n,20000p,200000b,200000s
No pages of output.
