\BOOKMARK [0][-]{chapter*.2}{\376\377\000I\000n\000f\000o\000r\000m\000a\000t\000i\000o\000n\000\040\000a\000n\000d\000\040\000C\000o\000n\000t\000a\000c\000t\000s}{}% 1
\BOOKMARK [0][-]{chapter.1}{\376\377\000I\000n\000t\000r\000o\000d\000u\000c\000t\000i\000o\000n\000\040\000o\000n\000\040\000Q\000u\000a\000n\000t\000u\000m\000\040\000C\000o\000m\000p\000u\000t\000a\000t\000i\000o\000n}{}% 2
\BOOKMARK [1][-]{section.1.1}{\376\377\000T\000h\000e\000\040\000Q\000u\000b\000i\000t}{chapter.1}% 3
\BOOKMARK [1][-]{section.1.2}{\376\377\000Q\000u\000b\000i\000t\000\040\000o\000p\000e\000r\000a\000t\000i\000o\000n\000s}{chapter.1}% 4
\BOOKMARK [2][-]{subsection.1.2.1}{\376\377\000T\000h\000e\000\040\000t\000e\000n\000s\000o\000r\000\040\000p\000r\000o\000d\000u\000c\000t}{section.1.2}% 5
\BOOKMARK [2][-]{subsection.1.2.2}{\376\377\000C\000o\000n\000t\000r\000o\000l\000l\000e\000d\000\040\000o\000p\000e\000r\000a\000t\000i\000o\000n\000s}{section.1.2}% 6
\BOOKMARK [2][-]{subsection.1.2.3}{\376\377\000Q\000u\000a\000n\000t\000u\000m\000\040\000c\000i\000r\000c\000u\000i\000t\000s}{section.1.2}% 7
\BOOKMARK [1][-]{section.1.3}{\376\377\000P\000e\000c\000u\000l\000i\000a\000r\000i\000t\000i\000e\000s\000\040\000o\000f\000\040\000q\000u\000a\000n\000t\000u\000m\000\040\000m\000e\000c\000h\000a\000n\000i\000c\000s}{chapter.1}% 8
\BOOKMARK [2][-]{subsection.1.3.1}{\376\377\000Q\000u\000a\000n\000t\000u\000m\000\040\000e\000n\000t\000a\000n\000g\000l\000e\000m\000e\000n\000t}{section.1.3}% 9
\BOOKMARK [2][-]{subsection.1.3.2}{\376\377\000Q\000u\000a\000n\000t\000u\000m\000\040\000t\000e\000l\000e\000p\000o\000r\000t\000a\000t\000i\000o\000n}{section.1.3}% 10
\BOOKMARK [1][-]{section.1.4}{\376\377\000E\000x\000e\000r\000c\000i\000s\000e\000s}{chapter.1}% 11
\BOOKMARK [0][-]{chapter.2}{\376\377\000M\000a\000t\000h\000e\000m\000a\000t\000i\000c\000a\000l\000\040\000f\000o\000u\000n\000d\000a\000t\000i\000o\000n\000s}{}% 12
\BOOKMARK [1][-]{section.2.1}{\376\377\000H\000i\000l\000b\000e\000r\000t\000\040\000s\000p\000a\000c\000e\000s}{chapter.2}% 13
\BOOKMARK [2][-]{subsection.2.1.1}{\376\377\000L\000i\000n\000e\000a\000r\000\040\000o\000p\000e\000r\000a\000t\000o\000r\000s}{section.2.1}% 14
\BOOKMARK [1][-]{section.2.2}{\376\377\000S\000p\000e\000c\000t\000r\000a\000l\000\040\000t\000h\000e\000o\000r\000y}{chapter.2}% 15
\BOOKMARK [1][-]{section.2.3}{\376\377\000P\000r\000o\000j\000e\000c\000t\000o\000r\000s}{chapter.2}% 16
\BOOKMARK [1][-]{section.2.4}{\376\377\000T\000e\000n\000s\000o\000r\000\040\000p\000r\000o\000d\000u\000c\000t}{chapter.2}% 17
\BOOKMARK [2][-]{subsection.2.4.1}{\376\377\000G\000e\000n\000e\000r\000a\000l\000\040\000d\000e\000f\000i\000n\000i\000t\000i\000o\000n}{section.2.4}% 18
\BOOKMARK [2][-]{subsection.2.4.2}{\376\377\000K\000r\000o\000n\000e\000c\000k\000e\000r\000\040\000p\000r\000o\000d\000u\000c\000t}{section.2.4}% 19
\BOOKMARK [1][-]{section.2.5}{\376\377\000E\000x\000e\000r\000c\000i\000s\000e\000s}{chapter.2}% 20
\BOOKMARK [0][-]{chapter.3}{\376\377\000P\000o\000s\000t\000u\000l\000a\000t\000e\000s\000\040\000o\000f\000\040\000q\000u\000a\000n\000t\000u\000m\000\040\000m\000e\000c\000h\000a\000n\000i\000c\000s}{}% 21
\BOOKMARK [1][-]{section.3.1}{\376\377\000P\000o\000s\000t\000u\000l\000a\000t\000e\000s\000\040\000o\000f\000\040\000q\000u\000a\000n\000t\000u\000m\000\040\000m\000e\000c\000h\000a\000n\000i\000c\000s}{chapter.3}% 22
\BOOKMARK [2][-]{subsection.3.1.1}{\376\377\000F\000i\000r\000s\000t\000\040\000p\000o\000s\000t\000u\000l\000a\000t\000e}{section.3.1}% 23
\BOOKMARK [2][-]{subsection.3.1.2}{\376\377\000S\000e\000c\000o\000n\000d\000\040\000p\000o\000s\000t\000u\000l\000a\000t\000e}{section.3.1}% 24
\BOOKMARK [2][-]{subsection.3.1.3}{\376\377\000T\000h\000i\000r\000d\000\040\000p\000o\000s\000t\000u\000l\000a\000t\000e}{section.3.1}% 25
\BOOKMARK [2][-]{subsection.3.1.4}{\376\377\000F\000o\000u\000r\000t\000h\000\040\000p\000o\000s\000t\000u\000l\000a\000t\000e}{section.3.1}% 26
\BOOKMARK [1][-]{section.3.2}{\376\377\000T\000h\000e\000\040\000d\000e\000n\000s\000i\000t\000y\000\040\000o\000p\000e\000r\000a\000t\000o\000r}{chapter.3}% 27
\BOOKMARK [2][-]{subsection.3.2.1}{\376\377\000G\000e\000n\000e\000r\000a\000l\000i\000z\000a\000t\000i\000o\000n\000\040\000o\000f\000\040\000t\000h\000e\000\040\000t\000h\000i\000r\000d\000\040\000p\000o\000s\000t\000u\000l\000a\000t\000e}{section.3.2}% 28
\BOOKMARK [2][-]{subsection.3.2.2}{\376\377\000P\000o\000s\000t\000u\000l\000a\000t\000e\000s\000\040\000t\000h\000r\000o\000u\000g\000h\000\040\000d\000e\000n\000s\000i\000t\000y\000\040\000o\000p\000e\000r\000a\000t\000o\000r\000s}{section.3.2}% 29
\BOOKMARK [2][-]{subsection.3.2.3}{\376\377\000E\000n\000t\000a\000n\000g\000l\000e\000d\000\040\000s\000y\000s\000t\000e\000m\000s}{section.3.2}% 30
\BOOKMARK [1][-]{section.3.3}{\376\377\000E\000x\000e\000r\000c\000i\000s\000e\000s}{chapter.3}% 31
\BOOKMARK [0][-]{chapter.4}{\376\377\000Q\000u\000a\000n\000t\000u\000m\000\040\000a\000l\000g\000o\000r\000i\000t\000h\000m\000s}{}% 32
\BOOKMARK [1][-]{section.4.1}{\376\377\000D\000e\000u\000t\000s\000c\000h\000'\000s\000\040\000a\000l\000g\000o\000r\000i\000t\000h\000m}{chapter.4}% 33
\BOOKMARK [1][-]{section.4.2}{\376\377\000D\000e\000u\000t\000s\000c\000h\000-\000J\000o\000s\000z\000a\000\040\000a\000l\000g\000o\000r\000i\000t\000h\000m}{chapter.4}% 34
\BOOKMARK [1][-]{section.4.3}{\376\377\000E\000x\000e\000r\000c\000i\000s\000e\000s}{chapter.4}% 35
\BOOKMARK [0][-]{chapter.5}{\376\377\000Q\000u\000a\000n\000t\000u\000m\000\040\000P\000h\000a\000s\000e\000\040\000E\000s\000t\000i\000m\000a\000t\000i\000o\000n}{}% 36
\BOOKMARK [1][-]{section.5.1}{\376\377\000A\000\040\000r\000e\000c\000a\000p\000\040\000o\000n\000\040\000t\000h\000e\000\040\000D\000i\000s\000c\000r\000e\000t\000e\000\040\000F\000o\000u\000r\000i\000e\000r\000\040\000T\000r\000a\000n\000s\000f\000o\000r\000m}{chapter.5}% 37
\BOOKMARK [1][-]{section.5.2}{\376\377\000T\000h\000e\000\040\000Q\000u\000a\000n\000t\000u\000m\000\040\000F\000o\000u\000r\000i\000e\000r\000\040\000T\000r\000a\000n\000s\000f\000o\000r\000m}{chapter.5}% 38
\BOOKMARK [2][-]{subsection.5.2.1}{\376\377\000T\000h\000e\000\040\000q\000u\000a\000n\000t\000u\000m\000\040\000c\000i\000r\000c\000u\000i\000t}{section.5.2}% 39
\BOOKMARK [1][-]{section.5.3}{\376\377\000Q\000u\000a\000n\000t\000u\000m\000\040\000P\000h\000a\000s\000e\000\040\000E\000s\000t\000i\000m\000a\000t\000i\000o\000n}{chapter.5}% 40
\BOOKMARK [1][-]{section.5.4}{\376\377\000V\000a\000r\000i\000a\000t\000i\000o\000n\000a\000l\000\040\000Q\000u\000a\000n\000t\000u\000m\000\040\000A\000l\000g\000o\000r\000i\000t\000h\000m\000s}{chapter.5}% 41
\BOOKMARK [2][-]{subsection.5.4.1}{\376\377\000V\000a\000r\000i\000a\000b\000l\000e\000\040\000Q\000u\000a\000n\000t\000u\000m\000\040\000E\000i\000g\000e\000n\000s\000o\000l\000v\000e\000r}{section.5.4}% 42
\BOOKMARK [0][-]{chapter.6}{\376\377\000S\000h\000o\000r\000'\000s\000\040\000a\000l\000g\000o\000r\000i\000t\000h\000m}{}% 43
\BOOKMARK [1][-]{section.6.1}{\376\377\000O\000r\000d\000e\000r\000-\000f\000i\000n\000d\000i\000n\000g\000\040\000p\000r\000o\000b\000l\000e\000m}{chapter.6}% 44
\BOOKMARK [1][-]{section.6.2}{\376\377\000S\000h\000o\000r\000'\000s\000\040\000a\000l\000g\000o\000r\000i\000t\000h\000m}{chapter.6}% 45
\BOOKMARK [0][-]{chapter.7}{\376\377\000G\000r\000o\000v\000e\000r\000'\000s\000\040\000a\000l\000g\000o\000r\000i\000t\000h\000m}{}% 46
\BOOKMARK [1][-]{section.7.1}{\376\377\000T\000h\000e\000\040\000s\000e\000a\000r\000c\000h\000\040\000p\000r\000o\000b\000l\000e\000m}{chapter.7}% 47
\BOOKMARK [2][-]{subsection.7.1.1}{\376\377\000A\000n\000o\000t\000h\000e\000r\000\040\000p\000e\000r\000s\000p\000e\000c\000t\000i\000v\000e}{section.7.1}% 48
\BOOKMARK [1][-]{section.7.2}{\376\377\000F\000i\000x\000e\000d\000-\000P\000o\000i\000n\000t\000\040\000Q\000u\000a\000n\000t\000u\000m\000\040\000S\000e\000a\000r\000c\000h}{chapter.7}% 49
\BOOKMARK [1][-]{section.7.3}{\376\377\000Q\000u\000a\000n\000t\000u\000m\000\040\000c\000o\000u\000n\000t\000i\000n\000g}{chapter.7}% 50
\BOOKMARK [1][-]{section.7.4}{\376\377\000E\000x\000e\000r\000c\000i\000s\000e\000s}{chapter.7}% 51
\BOOKMARK [0][-]{chapter.8}{\376\377\000Q\000u\000a\000n\000t\000u\000m\000\040\000c\000i\000r\000c\000u\000i\000t\000s}{}% 52
\BOOKMARK [1][-]{section.8.1}{\376\377\000R\000o\000t\000a\000t\000i\000o\000n\000\040\000o\000p\000e\000r\000a\000t\000o\000r\000s}{chapter.8}% 53
\BOOKMARK [1][-]{section.8.2}{\376\377\000C\000o\000n\000t\000r\000o\000l\000l\000e\000d\000\040\000o\000p\000e\000r\000a\000t\000o\000r\000s}{chapter.8}% 54
\BOOKMARK [2][-]{subsection.8.2.1}{\376\377\000S\000i\000n\000g\000l\000e\000-\000q\000u\000b\000i\000t\000\040\000c\000o\000n\000d\000i\000t\000i\000o\000n\000i\000n\000g}{section.8.2}% 55
\BOOKMARK [2][-]{subsection.8.2.2}{\376\377\000M\000u\000l\000t\000i\000-\000q\000u\000b\000i\000t\000\040\000c\000o\000n\000d\000i\000t\000i\000o\000n\000i\000n\000g}{section.8.2}% 56
\BOOKMARK [1][-]{section.8.3}{\376\377\000U\000n\000i\000v\000e\000r\000s\000a\000l\000i\000t\000y}{chapter.8}% 57
\BOOKMARK [2][-]{subsection.8.3.1}{\376\377\000E\000x\000a\000c\000t\000\040\000q\000u\000a\000n\000t\000u\000m\000\040\000u\000n\000i\000v\000e\000r\000s\000a\000l\000i\000t\000y}{section.8.3}% 58
\BOOKMARK [2][-]{subsection.8.3.2}{\376\377\000A\000p\000p\000r\000o\000x\000i\000m\000a\000t\000e\000\040\000u\000n\000i\000v\000e\000r\000s\000a\000l\000i\000t\000y}{section.8.3}% 59
\BOOKMARK [0][-]{chapter.9}{\376\377\000Q\000u\000a\000n\000t\000u\000m\000\040\000K\000e\000y\000\040\000D\000i\000s\000t\000r\000i\000b\000u\000t\000i\000o\000n}{}% 60
\BOOKMARK [1][-]{section.9.1}{\376\377\000B\000a\000c\000k\000g\000r\000o\000u\000n\000d}{chapter.9}% 61
\BOOKMARK [2][-]{subsection.9.1.1}{\376\377\000T\000h\000e\000\040\000N\000o\000-\000c\000l\000o\000n\000i\000n\000g\000\040\000t\000h\000e\000o\000r\000e\000m}{section.9.1}% 62
\BOOKMARK [2][-]{subsection.9.1.2}{\376\377\000M\000e\000a\000s\000u\000r\000e\000m\000e\000n\000t\000s}{section.9.1}% 63
\BOOKMARK [1][-]{section.9.2}{\376\377\000T\000h\000e\000\040\000B\000B\0008\0004\000\040\000p\000r\000o\000t\000o\000c\000o\000l}{chapter.9}% 64
\BOOKMARK [2][-]{subsection.9.2.1}{\376\377\000E\000v\000e\000'\000s\000\040\000a\000t\000t\000a\000c\000k\000s}{section.9.2}% 65
\BOOKMARK [1][-]{section.9.3}{\376\377\000B\000e\000l\000l\000'\000s\000\040\000i\000n\000e\000q\000u\000a\000l\000i\000t\000i\000e\000s}{chapter.9}% 66
\BOOKMARK [1][-]{section.9.4}{\376\377\000E\000x\000e\000r\000c\000i\000s\000e\000s}{chapter.9}% 67
\BOOKMARK [0][-]{chapter.10}{\376\377\000Q\000u\000a\000n\000t\000u\000m\000\040\000E\000r\000r\000o\000r\000\040\000C\000o\000r\000r\000e\000c\000t\000i\000o\000n}{}% 68
\BOOKMARK [1][-]{section.10.1}{\376\377\000R\000e\000p\000e\000t\000i\000t\000i\000o\000n\000\040\000c\000o\000d\000e\000s}{chapter.10}% 69
\BOOKMARK [2][-]{subsection.10.1.1}{\376\377\000T\000h\000r\000e\000e\000\040\000b\000i\000t\000s\000\040\000b\000i\000t\000\040\000f\000l\000i\000p\000\040\000c\000o\000d\000e}{section.10.1}% 70
\BOOKMARK [2][-]{subsection.10.1.2}{\376\377\000T\000h\000r\000e\000e\000\040\000q\000u\000b\000i\000t\000s\000\040\000b\000i\000t\000\040\000f\000l\000i\000p\000\040\000c\000o\000d\000e}{section.10.1}% 71
\BOOKMARK [2][-]{subsection.10.1.3}{\376\377\000T\000h\000r\000e\000e\000\040\000q\000u\000b\000i\000t\000s\000\040\000p\000h\000a\000s\000e\000\040\000f\000l\000i\000p\000\040\000c\000o\000d\000e}{section.10.1}% 72
\BOOKMARK [2][-]{subsection.10.1.4}{\376\377\000T\000h\000e\000\040\000S\000h\000o\000r\000\040\000c\000o\000d\000e}{section.10.1}% 73
\BOOKMARK [1][-]{section.10.2}{\376\377\000L\000i\000n\000e\000a\000r\000\040\000c\000o\000d\000e\000s}{chapter.10}% 74
\BOOKMARK [2][-]{subsection.10.2.1}{\376\377\000T\000h\000e\000\040\000H\000a\000m\000m\000i\000n\000g\000\040\000c\000o\000d\000e}{section.10.2}% 75
\BOOKMARK [2][-]{subsection.10.2.2}{\376\377\000T\000h\000e\000\040\000S\000t\000e\000a\000n\000e\000\040\000c\000o\000d\000e}{section.10.2}% 76
